WD_SDK_Demo_0616PRE/proguard/seeds.txt
cn.cashier.BuildConfig: BuildConfig()
cn.cashier.MainActivity
cn.cashier.MainActivity: MainActivity()
cn.cashier.MainActivity: void onItemClick(android.widget.AdapterView,android.view.View,int,long)
cn.cashier.MainActivity: void onClick(android.view.View)
cn.cashier.PayFunctionActivity
cn.cashier.PayFunctionActivity: PayFunctionActivity()
cn.cashier.PayFunctionActivity: void onClick(android.view.View)
cn.cashier.PayMethodListItem: PayMethodListItem(android.content.Context,java.lang.Integer[],java.lang.String[],java.lang.String[])
cn.cashier.PayMethodListItem: int getCount()
cn.cashier.PayMethodListItem: java.lang.Object getItem(int)
cn.cashier.PayMethodListItem: long getItemId(int)
cn.cashier.PayMethodListItem: android.view.View getView(int,android.view.View,android.view.ViewGroup)
cn.cashier.R: R()
cn.cashier.R$anim: R$anim()
cn.cashier.R$attr: R$attr()
cn.cashier.R$bool: R$bool()
cn.cashier.R$color: R$color()
cn.cashier.R$dimen: R$dimen()
cn.cashier.R$drawable: R$drawable()
cn.cashier.R$id: R$id()
cn.cashier.R$integer: R$integer()
cn.cashier.R$layout: R$layout()
cn.cashier.R$menu: R$menu()
cn.cashier.R$string: R$string()
cn.cashier.R$style: R$style()
cn.cashier.R$styleable: R$styleable()
cn.cashier.SDKDemoApplication
cn.cashier.SDKDemoApplication: SDKDemoApplication()
cn.cashier.SDKDemoApplication: void onCreate()
cn.cashier.SDKDemoApplication: cn.cashier.SDKDemoApplication getInstance()
cn.cashier.SDKDemoApplication: java.lang.String getBatch_Number()
cn.cashier.SDKDemoApplication: void setBatch_Number(java.lang.String)
cn.cashier.SDKDemoApplication: java.lang.String getConsume_Number()
cn.cashier.SDKDemoApplication: void setConsume_Number(java.lang.String)
cn.cashier.SPUtils: SPUtils()
cn.cashier.SPUtils: void put(android.content.Context,java.lang.String,java.lang.Object)
cn.cashier.SPUtils: java.lang.Object get(android.content.Context,java.lang.String,java.lang.Object)
cn.cashier.SPUtils: java.lang.String getString(android.content.Context,java.lang.String,java.lang.String)
cn.cashier.SPUtils: void remove(android.content.Context,java.lang.String)
cn.cashier.SPUtils: void clear(android.content.Context)
cn.cashier.SPUtils: boolean contains(android.content.Context,java.lang.String)
cn.cashier.SPUtils: java.util.Map getAll(android.content.Context)
cn.cashier.SPUtils$SharedPreferencesCompat: void apply(android.content.SharedPreferences$Editor)
cn.cashier.SetWorkKeyActivity
cn.cashier.SetWorkKeyActivity: SetWorkKeyActivity()
cn.cashier.SetWorkKeyActivity$1: void onClick(android.view.View)
cn.cashier.SetWorkKeyActivity$2: void onCheckedChanged(android.widget.RadioGroup,int)
cn.cashier.appnative.PayDemoActivity
cn.cashier.appnative.PayDemoActivity: PayDemoActivity()
cn.cashier.appnative.PayDemoActivity: void onResume()
cn.cashier.appnative.PayDemoActivity: boolean isNumeric(java.lang.String)
cn.cashier.appnative.PayDemoActivity: boolean onCreateOptionsMenu(android.view.Menu)
cn.cashier.appnative.PayDemoActivity: void setListViewHeightBasedOnChildren(android.widget.ListView)
cn.cashier.appnative.PayDemoActivity$1: void done(cn.wd.checkout.api.WDResult)
cn.cashier.appnative.PayDemoActivity$1$1: void run()
cn.cashier.appnative.PayDemoActivity$2: void handleMessage(android.os.Message)
cn.cashier.appnative.PayDemoActivity$3: void onItemClick(android.widget.AdapterView,android.view.View,int,long)
cn.cashier.wallet.AddCardFragment: AddCardFragment()
cn.cashier.wallet.AddCardFragment: android.view.View onCreateView(android.view.LayoutInflater,android.view.ViewGroup,android.os.Bundle)
cn.cashier.wallet.AddCardFragment: void addCard()
cn.cashier.wallet.AddCardFragment$1: void onSucess(java.util.Map)
cn.cashier.wallet.AddCardFragment$1: void onFail(java.util.Map)
cn.cashier.wallet.AddCardFragment$btOnclick: void onClick(android.view.View)
...
android.support.v4.widget.SwipeRefreshLayout$6
android.support.v4.widget.SwipeRefreshLayout$6: android.support.v4.widget.SwipeRefreshLayout this$0
android.support.v4.widget.SwipeRefreshLayout$6: SwipeRefreshLayout$6(android.support.v4.widget.SwipeRefreshLayout)
android.support.v4.widget.SwipeRefreshLayout$6: void applyTransformation(float,android.view.animation.Transformation)
android.support.v4.widget.SwipeRefreshLayout$7
android.support.v4.widget.SwipeRefreshLayout$7: android.support.v4.widget.SwipeRefreshLayout this$0
android.support.v4.widget.SwipeRefreshLayout$7: SwipeRefreshLayout$7(android.support.v4.widget.SwipeRefreshLayout)
android.support.v4.widget.SwipeRefreshLayout$7: void applyTransformation(float,android.view.animation.Transformation)
android.support.v4.widget.SwipeRefreshLayout$8
android.support.v4.widget.SwipeRefreshLayout$8: android.support.v4.widget.SwipeRefreshLayout this$0
android.support.v4.widget.SwipeRefreshLayout$8: SwipeRefreshLayout$8(android.support.v4.widget.SwipeRefreshLayout)
android.support.v4.widget.SwipeRefreshLayout$8: void applyTransformation(float,android.view.animation.Transformation)
android.support.v4.widget.SwipeRefreshLayout$OnRefreshListener
android.support.v4.widget.SwipeRefreshLayout$OnRefreshListener: void onRefresh()
android.support.v4.widget.TextViewCompat
android.support.v4.widget.TextViewCompat: android.support.v4.widget.TextViewCompat$TextViewCompatImpl IMPL
android.support.v4.widget.TextViewCompat: TextViewCompat()
android.support.v4.widget.TextViewCompat: void setCompoundDrawablesRelative(android.widget.TextView,android.graphics.drawable.Drawable,android.graphics.drawable.Drawable,android.graphics.drawable.Drawable,android.graphics.drawable.Drawable)
android.support.v4.widget.TextViewCompat: void setCompoundDrawablesRelativeWithIntrinsicBounds(android.widget.TextView,android.graphics.drawable.Drawable,android.graphics.drawable.Drawable,android.graphics.drawable.Drawable,android.graphics.drawable.Drawable)
android.support.v4.widget.TextViewCompat: void setCompoundDrawablesRelativeWithIntrinsicBounds(android.widget.TextView,int,int,int,int)
android.support.v4.widget.TextViewCompat: int getMaxLines(android.widget.TextView)
android.support.v4.widget.TextViewCompat: int getMinLines(android.widget.TextView)
android.support.v4.widget.TextViewCompat: void <clinit>()
android.support.v4.widget.TextViewCompat$BaseTextViewCompatImpl
android.support.v4.widget.TextViewCompat$BaseTextViewCompatImpl: TextViewCompat$BaseTextViewCompatImpl()
android.support.v4.widget.TextViewCompat$BaseTextViewCompatImpl: void setCompoundDrawablesRelative(android.widget.TextView,android.graphics.drawable.Drawable,android.graphics.drawable.Drawable,android.graphics.drawable.Drawable,android.graphics.drawable.Drawable)
android.support.v4.widget.TextViewCompat$BaseTextViewCompatImpl: void setCompoundDrawablesRelativeWithIntrinsicBounds(android.widget.TextView,android.graphics.drawable.Drawable,android.graphics.drawable.Drawable,android.graphics.drawable.Drawable,android.graphics.drawable.Drawable)
android.support.v4.widget.TextViewCompat$BaseTextViewCompatImpl: void setCompoundDrawablesRelativeWithIntrinsicBounds(android.widget.TextView,int,int,int,int)
android.support.v4.widget.TextViewCompat$BaseTextViewCompatImpl: int getMaxLines(android.widget.TextView)
android.support.v4.widget.TextViewCompat$BaseTextViewCompatImpl: int getMinLines(android.widget.TextView)